<?xml version="1.0" encoding="UTF-8"?>
<!-- Generated by org.testng.reporters.JUnitXMLReporter -->
<testsuite ignored="0" hostname="DESKTOP-2DBDLS4" failures="0" tests="2" name="Default test" time="2.025" errors="0" timestamp="19 Aug 2023 07:10:29 GMT">
  <testcase classname="com.orangehrm.runner.TestRunner" name="@BeforeClass beforeClass" time="1.951">
    <failure type="java.lang.NullPointerException" message="Cannot invoke &amp;quot;String.trim()&amp;quot; because the return value of &amp;quot;com.orangehrm.runner.TestRunner.getValueFrmPropertyFile(String)&amp;quot; is null">
      <![CDATA[java.lang.NullPointerException: Cannot invoke "String.trim()" because the return value of "com.orangehrm.runner.TestRunner.getValueFrmPropertyFile(String)" is null
at com.orangehrm.runner.TestRunner.beforeClass(TestRunner.java:18)
at java.base/jdk.internal.reflect.DirectMethodHandleAccessor.invoke(DirectMethodHandleAccessor.java:104)
at java.base/java.lang.reflect.Method.invoke(Method.java:578)
at org.testng.internal.MethodInvocationHelper.invokeMethod(MethodInvocationHelper.java:124)
at org.testng.internal.MethodInvocationHelper.invokeMethodConsideringTimeout(MethodInvocationHelper.java:59)
at org.testng.internal.Invoker.invokeConfigurationMethod(Invoker.java:458)
at org.testng.internal.Invoker.invokeConfigurations(Invoker.java:222)
at org.testng.internal.Invoker.invokeConfigurations(Invoker.java:142)
at org.testng.internal.TestMethodWorker.invokeBeforeClassMethods(TestMethodWorker.java:168)
at org.testng.internal.TestMethodWorker.run(TestMethodWorker.java:105)
at org.testng.TestRunner.privateRun(TestRunner.java:648)
at org.testng.TestRunner.run(TestRunner.java:505)
at org.testng.SuiteRunner.runTest(SuiteRunner.java:455)
at org.testng.SuiteRunner.runSequentially(SuiteRunner.java:450)
at org.testng.SuiteRunner.privateRun(SuiteRunner.java:415)
at org.testng.SuiteRunner.run(SuiteRunner.java:364)
at org.testng.SuiteRunnerWorker.runSuite(SuiteRunnerWorker.java:52)
at org.testng.SuiteRunnerWorker.run(SuiteRunnerWorker.java:84)
at org.testng.TestNG.runSuitesSequentially(TestNG.java:1208)
at org.testng.TestNG.runSuitesLocally(TestNG.java:1137)
at org.testng.TestNG.runSuites(TestNG.java:1049)
at org.testng.TestNG.run(TestNG.java:1017)
at org.testng.remote.AbstractRemoteTestNG.run(AbstractRemoteTestNG.java:115)
at org.testng.remote.RemoteTestNG.initAndRun(RemoteTestNG.java:251)
at org.testng.remote.RemoteTestNG.main(RemoteTestNG.java:77)
]]>
    </failure>
  </testcase> <!-- @BeforeClass beforeClass -->
  <testcase classname="com.orangehrm.runner.TestRunner" name="@AfterClass afterTest" time="0.0">
    <skipped/>
  </testcase> <!-- @AfterClass afterTest -->
  <testcase classname="com.orangehrm.runner.TestRunner" name="isLogoVisible" time="0.0">
    <skipped/>
  </testcase> <!-- isLogoVisible -->
  <testcase classname="com.orangehrm.runner.TestRunner" name="isLogoVisible1" time="0.0">
    <skipped/>
  </testcase> <!-- isLogoVisible1 -->
</testsuite> <!-- Default test -->
