<?xml version="1.0" encoding="UTF-8"?>
<testng-results ignored="0" total="1" passed="1" failed="0" skipped="0">
  <reporter-output>
  </reporter-output>
  <suite started-at="2023-08-19T10:15:36Z" name="Default suite" finished-at="2023-08-19T10:15:44Z" duration-ms="7841">
    <groups>
    </groups>
    <test started-at="2023-08-19T10:15:36Z" name="Default test" finished-at="2023-08-19T10:15:44Z" duration-ms="7841">
      <class name="com.omrbranch.runner.TestRunner">
        <test-method is-config="true" signature="beforeClass()[pri:0, instance:com.omrbranch.runner.TestRunner@134d26af]" started-at="2023-08-19T10:15:36Z" name="beforeClass" finished-at="2023-08-19T10:15:39Z" duration-ms="3321" status="PASS">
          <reporter-output>
          </reporter-output>
        </test-method> <!-- beforeClass -->
        <test-method is-config="true" signature="beforeMethod(java.lang.reflect.Method)[pri:0, instance:com.omrbranch.runner.TestRunner@134d26af]" started-at="2023-08-19T10:15:39Z" name="beforeMethod" finished-at="2023-08-19T10:15:39Z" duration-ms="1" status="PASS">
          <params>
            <param index="0">
              <value>
                <![CDATA[public void com.omrbranch.runner.TestRunner.isLogoVisible(java.lang.reflect.Method)]]>
              </value>
            </param>
          </params>
          <reporter-output>
          </reporter-output>
        </test-method> <!-- beforeMethod -->
        <test-method signature="isLogoVisible(java.lang.reflect.Method)[pri:0, instance:com.omrbranch.runner.TestRunner@134d26af]" started-at="2023-08-19T10:15:39Z" name="isLogoVisible" finished-at="2023-08-19T10:15:39Z" duration-ms="180" status="PASS">
          <params>
            <param index="0">
              <value>
                <![CDATA[public void com.omrbranch.runner.TestRunner.isLogoVisible(java.lang.reflect.Method)]]>
              </value>
            </param>
          </params>
          <reporter-output>
          </reporter-output>
        </test-method> <!-- isLogoVisible -->
        <test-method is-config="true" signature="afterTest()[pri:0, instance:com.omrbranch.runner.TestRunner@134d26af]" started-at="2023-08-19T10:15:39Z" name="afterTest" finished-at="2023-08-19T10:15:44Z" duration-ms="4307" status="PASS">
          <reporter-output>
          </reporter-output>
        </test-method> <!-- afterTest -->
      </class> <!-- com.omrbranch.runner.TestRunner -->
    </test> <!-- Default test -->
  </suite> <!-- Default suite -->
</testng-results>
